Arguments: 
  C:\Program Files\nodejs\node.exe C:\Users\FINTAN\AppData\Roaming\npm-cache\_npx\10172\node_modules\yarn\bin\yarn.js

PATH: 
  C:\Users\FINTAN\AppData\Roaming\npm-cache\_npx\10172;C:\Users\FINTAN\Desktop\FJS\prism-angular-truffle-ethereum-ipfs\node_modules\.bin;C:\Program Files\Git\mingw64\bin;C:\Program Files\Git\usr\bin;C:\Users\FINTAN\bin;C:\Users\FINTAN\Desktop\FJS\prism-angular-truffle-ethereum-ipfs\node_modules\.bin;C:\ProgramData\DockerDesktop\version-bin;C:\Program Files\Docker\Docker\Resources\bin;C:\WINDOWS\system32;C:\WINDOWS;C:\WINDOWS\System32\Wbem;C:\WINDOWS\System32\WindowsPowerShell\v1.0;C:\Program Files (x86)\NVIDIA Corporation\PhysX\Common;C:\WINDOWS\system32;C:\WINDOWS;C:\WINDOWS\System32\Wbem;C:\WINDOWS\System32\WindowsPowerShell\v1.0;C:\WINDOWS\System32\OpenSSH;C:\Program Files\NVIDIA Corporation\NVIDIA NvDLISR;C:\Program Files\Git\cmd;C:\Program Files\PuTTY;C:\Program Files\nodejs;C:\Program Files\MySQL\MySQL Shell 8.0\bin

Yarn version: 
  1.17.3

Node version: 
  10.16.0

Platform: 
  win32 x64

Trace: 
  Error: EPERM: operation not permitted, unlink 'C:\Users\FINTAN\Desktop\FJS\prism-angular-truffle-ethereum-ipfs\node_modules\@fortawesome\angular-fontawesome\node_modules\tslib'

npm manifest: 
  {
    "name": "prism",
    "version": "1.0.0",
    "author": "Fintan Kearney https://github.com/FintanK",
    "license": "MIT",
    "scripts": {
      "install": "npm i -g yarn && yarn",
      "ng": "ng",
      "start": "ng serve",
      "build": "ng build",
      "test": "ng test",
      "lint": "ng lint",
      "e2e": "ng e2e"
    },
    "private": true,
    "dependencies": {
      "@angular/cdk": "^8.1.1",
      "@angular/common": "^4.0.0",
      "@angular/compiler": "^4.0.0",
      "@angular/core": "^4.0.0",
      "@angular/forms": "^4.0.0",
      "@angular/http": "^4.0.0",
      "@angular/material": "^8.1.1",
      "@angular/platform-browser": "^4.0.0",
      "@angular/platform-browser-dynamic": "^4.0.0",
      "@angular/router": "^4.0.0",
      "@fortawesome/angular-fontawesome": "^0.4.0",
      "@fortawesome/fontawesome-svg-core": "^1.2.19",
      "@fortawesome/free-solid-svg-icons": "^5.9.0",
      "@material/animation": "^3.0.0",
      "@ng-bootstrap/ng-bootstrap": "^5.1.0",
      "core-js": "^2.4.1",
      "node-sass": "^4.12.0",
      "rxjs": "^5.1.0",
      "truffle-hdwallet-provider": "0.0.3",
      "web3": "^0.18.4",
      "zone.js": "^0.8.4"
    },
    "devDependencies": {
      "@angular/cli": "1.3.0",
      "@angular/compiler-cli": "^4.0.0",
      "@types/jasmine": "2.5.53",
      "@types/node": "^8.0.20",
      "babel-cli": "^6.22.2",
      "babel-core": "^6.22.1",
      "babel-eslint": "^7.2.3",
      "babel-loader": "^7.1.1",
      "babel-plugin-transform-runtime": "^6.22.0",
      "babel-preset-env": "^1.1.8",
      "babel-preset-es2015": "^6.22.0",
      "babel-register": "^6.22.0",
      "codelyzer": "~3.1.2",
      "copy-webpack-plugin": "^4.0.1",
      "css-loader": "^0.28.4",
      "eslint": "^4.4.1",
      "eslint-config-standard": "^10.2.1",
      "eslint-plugin-babel": "^4.0.0",
      "eslint-plugin-mocha": "^4.8.0",
      "eslint-plugin-promise": "^3.0.0",
      "eslint-plugin-standard": "^3.0.1",
      "html-webpack-plugin": "^2.28.0",
      "jasmine-core": "~2.7.0",
      "jasmine-spec-reporter": "~4.2.0",
      "json-loader": "^0.5.4",
      "karma": "~1.7.0",
      "karma-chrome-launcher": "~2.2.0",
      "karma-cli": "~1.0.1",
      "karma-coverage-istanbul-reporter": "^1.3.0",
      "karma-jasmine": "~1.1.0",
      "karma-jasmine-html-reporter": "^0.2.2",
      "protractor": "~5.1.0",
      "style-loader": "^0.18.2",
      "truffle-contract": "^2.0.5",
      "ts-node": "^3.0.2",
      "tslint": "~5.6.0",
      "typescript": "~2.4.2",
      "web3": "^0.19.0",
      "webpack": "^3.5.2",
      "webpack-dev-server": "^2.3.0"
    }
  }

yarn manifest: 
  No manifest

Lockfile: 
  No lockfile
